2025-03-06 00:22:44,215 CRIT Supervisor is running as root.  Privileges were not dropped because no user is specified in the config file.  If you intend to run as root, you can set user=root in the config file to avoid this message.
2025-03-06 00:22:44,221 INFO supervisord started with pid 1
2025-03-06 00:22:45,223 INFO spawnerr: can't find command '/usr/local/sbin/php-fpm'
2025-03-06 00:22:45,225 INFO spawned: 'cron' with pid 7
2025-03-06 00:22:45,228 INFO spawned: 'laravel-worker_00' with pid 8
2025-03-06 00:22:45,230 INFO spawned: 'nginx' with pid 9
2025-03-06 00:22:45,273 WARN exited: laravel-worker_00 (exit status 255; not expected)
2025-03-06 00:22:46,275 INFO spawnerr: can't find command '/usr/local/sbin/php-fpm'
2025-03-06 00:22:46,276 INFO success: cron entered RUNNING state, process has stayed up for > than 1 seconds (startsecs)
2025-03-06 00:22:46,279 INFO spawned: 'laravel-worker_00' with pid 18
2025-03-06 00:22:46,279 INFO success: nginx entered RUNNING state, process has stayed up for > than 1 seconds (startsecs)
2025-03-06 00:22:46,296 WARN exited: laravel-worker_00 (exit status 255; not expected)
2025-03-06 00:22:48,299 INFO spawnerr: can't find command '/usr/local/sbin/php-fpm'
2025-03-06 00:22:48,302 INFO spawned: 'laravel-worker_00' with pid 19
2025-03-06 00:22:48,316 WARN exited: laravel-worker_00 (exit status 255; not expected)
2025-03-06 00:22:51,321 INFO spawnerr: can't find command '/usr/local/sbin/php-fpm'
2025-03-06 00:22:51,322 INFO gave up: php-fpm entered FATAL state, too many start retries too quickly
2025-03-06 00:22:51,327 INFO spawned: 'laravel-worker_00' with pid 20
2025-03-06 00:22:51,344 WARN exited: laravel-worker_00 (exit status 255; not expected)
2025-03-06 00:22:52,346 INFO gave up: laravel-worker_00 entered FATAL state, too many start retries too quickly
2025-03-06 00:25:56,290 INFO reaped unknown pid 269 (exit status 0)
2025-03-06 00:31:20,241 WARN received SIGTERM indicating exit request
2025-03-06 00:31:20,242 INFO waiting for cron, nginx to die
2025-03-06 00:31:20,359 INFO stopped: nginx (exit status 0)
2025-03-06 00:31:21,361 WARN stopped: cron (terminated by SIGTERM)
2025-03-06 00:31:23,382 CRIT Supervisor is running as root.  Privileges were not dropped because no user is specified in the config file.  If you intend to run as root, you can set user=root in the config file to avoid this message.
2025-03-06 00:31:23,390 INFO supervisord started with pid 1
2025-03-06 00:31:24,393 INFO spawned: 'php-fpm' with pid 7
2025-03-06 00:31:24,396 INFO spawned: 'cron' with pid 8
2025-03-06 00:31:24,399 INFO spawned: 'laravel-worker_00' with pid 9
2025-03-06 00:31:24,401 INFO spawned: 'nginx' with pid 10
2025-03-06 00:31:25,444 INFO success: php-fpm entered RUNNING state, process has stayed up for > than 1 seconds (startsecs)
2025-03-06 00:31:25,444 INFO success: cron entered RUNNING state, process has stayed up for > than 1 seconds (startsecs)
2025-03-06 00:31:25,444 INFO success: laravel-worker_00 entered RUNNING state, process has stayed up for > than 1 seconds (startsecs)
2025-03-06 00:31:25,445 INFO success: nginx entered RUNNING state, process has stayed up for > than 1 seconds (startsecs)
2025-03-06 00:31:32,565 WARN exited: laravel-worker_00 (exit status 1; not expected)
2025-03-06 00:31:33,570 INFO spawned: 'laravel-worker_00' with pid 24
2025-03-06 00:31:34,578 INFO success: laravel-worker_00 entered RUNNING state, process has stayed up for > than 1 seconds (startsecs)
2025-03-06 00:31:41,101 WARN exited: laravel-worker_00 (exit status 1; not expected)
2025-03-06 00:31:42,106 INFO spawned: 'laravel-worker_00' with pid 28
2025-03-06 00:31:43,116 INFO success: laravel-worker_00 entered RUNNING state, process has stayed up for > than 1 seconds (startsecs)
2025-03-06 00:31:48,551 WARN exited: laravel-worker_00 (exit status 1; not expected)
2025-03-06 00:31:49,556 INFO spawned: 'laravel-worker_00' with pid 32
2025-03-06 00:31:50,564 INFO success: laravel-worker_00 entered RUNNING state, process has stayed up for > than 1 seconds (startsecs)
2025-03-06 00:31:55,553 WARN exited: laravel-worker_00 (exit status 1; not expected)
2025-03-06 00:31:56,557 INFO spawned: 'laravel-worker_00' with pid 36
2025-03-06 00:31:57,566 INFO success: laravel-worker_00 entered RUNNING state, process has stayed up for > than 1 seconds (startsecs)
2025-03-06 00:32:02,880 WARN exited: laravel-worker_00 (exit status 1; not expected)
2025-03-06 00:32:03,884 INFO spawned: 'laravel-worker_00' with pid 47
2025-03-06 00:32:04,893 INFO success: laravel-worker_00 entered RUNNING state, process has stayed up for > than 1 seconds (startsecs)
2025-03-06 00:32:09,047 WARN exited: laravel-worker_00 (exit status 1; not expected)
2025-03-06 00:32:10,052 INFO spawned: 'laravel-worker_00' with pid 51
2025-03-06 00:32:11,061 INFO success: laravel-worker_00 entered RUNNING state, process has stayed up for > than 1 seconds (startsecs)
2025-03-06 00:32:16,320 WARN exited: laravel-worker_00 (exit status 1; not expected)
2025-03-06 00:32:17,324 INFO spawned: 'laravel-worker_00' with pid 55
2025-03-06 00:32:18,333 INFO success: laravel-worker_00 entered RUNNING state, process has stayed up for > than 1 seconds (startsecs)
2025-03-06 00:32:22,736 WARN exited: laravel-worker_00 (exit status 1; not expected)
2025-03-06 00:32:23,741 INFO spawned: 'laravel-worker_00' with pid 59
2025-03-06 00:32:24,752 INFO success: laravel-worker_00 entered RUNNING state, process has stayed up for > than 1 seconds (startsecs)
2025-03-06 00:32:29,609 WARN exited: laravel-worker_00 (exit status 1; not expected)
2025-03-06 00:32:30,614 INFO spawned: 'laravel-worker_00' with pid 63
2025-03-06 00:32:31,624 INFO success: laravel-worker_00 entered RUNNING state, process has stayed up for > than 1 seconds (startsecs)
2025-03-06 00:32:35,751 WARN exited: laravel-worker_00 (exit status 1; not expected)
2025-03-06 00:32:36,355 INFO spawned: 'laravel-worker_00' with pid 67
2025-03-06 00:32:37,366 INFO success: laravel-worker_00 entered RUNNING state, process has stayed up for > than 1 seconds (startsecs)
2025-03-06 00:32:42,754 WARN exited: laravel-worker_00 (exit status 1; not expected)
2025-03-06 00:32:43,760 INFO spawned: 'laravel-worker_00' with pid 71
2025-03-06 00:32:44,769 INFO success: laravel-worker_00 entered RUNNING state, process has stayed up for > than 1 seconds (startsecs)
2025-03-06 00:32:49,641 WARN exited: laravel-worker_00 (exit status 1; not expected)
2025-03-06 00:32:50,647 INFO spawned: 'laravel-worker_00' with pid 75
2025-03-06 00:32:51,655 INFO success: laravel-worker_00 entered RUNNING state, process has stayed up for > than 1 seconds (startsecs)
2025-03-06 00:32:57,028 WARN exited: laravel-worker_00 (exit status 1; not expected)
2025-03-06 00:32:58,034 INFO spawned: 'laravel-worker_00' with pid 79
2025-03-06 00:32:59,042 INFO success: laravel-worker_00 entered RUNNING state, process has stayed up for > than 1 seconds (startsecs)
2025-03-06 00:33:04,246 WARN exited: laravel-worker_00 (exit status 1; not expected)
2025-03-06 00:33:05,252 INFO spawned: 'laravel-worker_00' with pid 84
2025-03-06 00:33:06,260 INFO success: laravel-worker_00 entered RUNNING state, process has stayed up for > than 1 seconds (startsecs)
2025-03-06 00:33:10,349 WARN exited: laravel-worker_00 (exit status 1; not expected)
2025-03-06 00:33:11,354 INFO spawned: 'laravel-worker_00' with pid 90
2025-03-06 00:33:12,364 INFO success: laravel-worker_00 entered RUNNING state, process has stayed up for > than 1 seconds (startsecs)
